<?xml version="1.0" encoding="utf-8"?><testsuites name="pytest tests"><testsuite name="pytest" errors="0" failures="0" skipped="1" tests="36" time="2.098" timestamp="2025-08-19T03:36:45.343003+00:00" hostname="pkrvmubgrv54qmi"><testcase classname="pc_controller.tests.test_protocol_v1" name="test_encode_decode_single_frame_roundtrip" time="0.001" /><testcase classname="pc_controller.tests.test_protocol_v1" name="test_decode_multiple_frames_and_partial_buffer" time="0.001" /><testcase classname="pc_controller.tests.test_protocol_v1" name="test_builders_ack_error_preview" time="0.000"><skipped type="pytest.skip" message="GUI testing skipped in CI: No module named 'PyQt6'">/home/runner/work/hellobellohellobello/hellobellohellobello/pc_controller/tests/test_protocol_v1.py:41: GUI testing skipped in CI: No module named 'PyQt6'</skipped></testcase><testcase classname="pc_controller.tests.test_protocol_v1" name="test_backoff_schedule" time="0.001" /><testcase classname="pc_controller.tests.test_session_manager" name="test_create_start_stop_session" time="0.003" /><testcase classname="pc_controller.tests.test_session_manager" name="test_single_active_enforced" time="0.002" /><testcase classname="pc_controller.tests.test_system_end_to_end" name="test_fr4_session_management_end_to_end" time="0.002" /><testcase classname="pc_controller.tests.test_system_end_to_end" name="test_fr1_simulation_mode_generates_gsr_csv" time="0.104" /><testcase classname="pc_controller.tests.test_tls_enhanced.TestTLSConfig" name="test_tls_config_initialization" time="0.000" /><testcase classname="pc_controller.tests.test_tls_enhanced.TestTLSConfig" name="test_tls_config_with_parameters" time="0.000" /><testcase classname="pc_controller.tests.test_tls_enhanced.TestTLSConfig" name="test_from_env_disabled" time="0.002" /><testcase classname="pc_controller.tests.test_tls_enhanced.TestTLSConfig" name="test_from_env_enabled" time="0.002" /><testcase classname="pc_controller.tests.test_tls_enhanced.TestTLSConfig" name="test_validate_disabled_config" time="0.000" /><testcase classname="pc_controller.tests.test_tls_enhanced.TestTLSConfig" name="test_validate_enabled_without_files" time="0.000" /><testcase classname="pc_controller.tests.test_tls_enhanced.TestTLSConfig" name="test_validate_enabled_with_missing_files" time="0.000" /><testcase classname="pc_controller.tests.test_tls_enhanced.TestTLSConfig" name="test_validate_enabled_with_existing_files" time="0.001" /><testcase classname="pc_controller.tests.test_tls_enhanced.TestSecureConnectionManager" name="test_initialization_disabled" time="0.000" /><testcase classname="pc_controller.tests.test_tls_enhanced.TestSecureConnectionManager" name="test_wrap_socket_disabled" time="0.001" /><testcase classname="pc_controller.tests.test_tls_enhanced.TestSecureConnectionManager" name="test_create_server_context" time="0.005" /><testcase classname="pc_controller.tests.test_tls_enhanced.TestSecureConnectionManager" name="test_create_client_context" time="0.002" /><testcase classname="pc_controller.tests.test_tls_enhanced.TestSecureConnectionManager" name="test_connect_secure_disabled" time="0.001" /><testcase classname="pc_controller.tests.test_tls_enhanced.TestSecureConnectionManager" name="test_connect_secure_enabled" time="0.003" /><testcase classname="pc_controller.tests.test_tls_enhanced.TestSecureConnectionManager" name="test_connect_secure_connection_failure" time="0.001" /><testcase classname="pc_controller.tests.test_tls_enhanced.TestSecureMessageHandler" name="test_initialization" time="0.000" /><testcase classname="pc_controller.tests.test_tls_enhanced.TestSecureMessageHandler" name="test_send_secure_message_plain_socket" time="0.001" /><testcase classname="pc_controller.tests.test_tls_enhanced.TestSecureMessageHandler" name="test_send_secure_message_ssl_socket" time="0.001" /><testcase classname="pc_controller.tests.test_tls_enhanced.TestSecureMessageHandler" name="test_send_secure_message_failure" time="0.001" /><testcase classname="pc_controller.tests.test_tls_enhanced.TestSecureMessageHandler" name="test_receive_secure_message_plain_socket" time="0.001" /><testcase classname="pc_controller.tests.test_tls_enhanced.TestSecureMessageHandler" name="test_receive_secure_message_ssl_socket" time="0.001" /><testcase classname="pc_controller.tests.test_tls_enhanced.TestSecureMessageHandler" name="test_receive_secure_message_too_large" time="0.001" /><testcase classname="pc_controller.tests.test_tls_enhanced.TestSecureMessageHandler" name="test_receive_secure_message_connection_closed" time="0.001" /><testcase classname="pc_controller.tests.test_tls_enhanced.TestSecureMessageHandler" name="test_receive_exactly_partial_data" time="0.001" /><testcase classname="pc_controller.tests.test_tls_enhanced.TestSelfSignedCertificateGeneration" name="test_generate_self_signed_cert" time="1.022" /><testcase classname="pc_controller.tests.test_tls_enhanced.TestTLSIntegration" name="test_full_tls_config_workflow_disabled" time="0.001" /><testcase classname="pc_controller.tests.test_tls_enhanced.TestTLSIntegration" name="test_tls_config_validation_workflow" time="0.001" /><testcase classname="pc_controller.tests.test_tls_enhanced.TestTLSIntegration" name="test_environment_configuration_integration" time="0.005" /></testsuite></testsuites>